This is pdfeTeX, Version 3.141592-1.21a-2.2 (Web2C 7.5.4) (format=latex 2009.2.13)  13 FEB 2009 14:50
entering extended mode
**manual.v3.tex
(./manual.v3.tex
LaTeX2e <2003/12/01>
Babel <v3.8d> and hyphenation patterns for american, french, german, ngerman, b
ahasa, basque, bulgarian, catalan, croatian, czech, danish, dutch, esperanto, e
stonian, finnish, greek, icelandic, irish, italian, latin, magyar, norsk, polis
h, portuges, romanian, russian, serbian, slovak, slovene, spanish, swedish, tur
kish, ukrainian, nohyphenation, loaded.
(/opt/local/share/texmf-dist/tex/latex/base/latex209.def
File: latex209.def 1998/05/13 v0.52 Standard LaTeX file


          Entering LaTeX 2.09 COMPATIBILITY MODE
 *************************************************************
    !!WARNING!!    !!WARNING!!    !!WARNING!!    !!WARNING!!   
 
 This mode attempts to provide an emulation of the LaTeX 2.09
 author environment so that OLD documents can be successfully
 processed. It should NOT be used for NEW documents!
 
 New documents should use Standard LaTeX conventions and start
 with the \documentclass command.
 
 Compatibility mode is UNLIKELY TO WORK with LaTeX 2.09 style
 files that change any internal macros, especially not with
 those that change the FONT SELECTION or OUTPUT ROUTINES.
 
 Therefore such style files MUST BE UPDATED to use
          Current Standard LaTeX: LaTeX2e.
 If you suspect that you may be using such a style file, which
 is probably very, very old by now, then you should attempt to
 get it updated by sending a copy of this error message to the
 author of that file.
 *************************************************************

\footheight=\dimen102
\@maxsep=\dimen103
\@dblmaxsep=\dimen104
\@cla=\count79
\@clb=\count80
\mscount=\count81
(/opt/local/share/texmf-dist/tex/latex/base/tracefnt.sty
Package: tracefnt 1997/05/29 v3.0j Standard LaTeX package (font tracing)
\tracingfonts=\count82
LaTeX Info: Redefining \selectfont on input line 101.
)
\symbold=\mathgroup4
\symsans=\mathgroup5
\symtypewriter=\mathgroup6
\symitalic=\mathgroup7
\symsmallcaps=\mathgroup8
\symslanted=\mathgroup9
LaTeX Font Info:    Redeclaring math alphabet \mathbf on input line 293.
LaTeX Font Info:    Redeclaring math alphabet \mathsf on input line 294.
LaTeX Font Info:    Redeclaring math alphabet \mathtt on input line 295.
LaTeX Font Info:    Redeclaring math alphabet \mathit on input line 301.
LaTeX Info: Redefining \em on input line 311.

(/opt/local/share/texmf-dist/tex/latex/base/latexsym.sty
Package: latexsym 1998/08/17 v2.2e Standard LaTeX package (lasy symbols)
\symlasy=\mathgroup10
LaTeX Font Info:    Overwriting symbol font `lasy' in version `bold'
(Font)                  U/lasy/m/n --> U/lasy/b/n on input line 47.
)
LaTeX Font Info:    Redeclaring math delimiter \lgroup on input line 375.
LaTeX Font Info:    Redeclaring math delimiter \rgroup on input line 377.
LaTeX Font Info:    Redeclaring math delimiter \bracevert on input line 379.

(/opt/local/share/texmf-dist/tex/latex/base/latex209.cfg
File: latex209.cfg 2001/06/05 v1.0 teTeX customized LaTeX 2.09 compatibility mo
de setup
)
(/opt/local/share/texmf-dist/tex/latex/tools/rawfonts.sty
Package: rawfonts 1994/05/08 Low-level LaTeX 2.09 font compatibility

(/opt/local/share/texmf-dist/tex/latex/tools/somedefs.sty
Package: somedefs 1994/06/01 v0.03 Toolkit for optional definitions
)
LaTeX Font Info:    Try loading font information for U+lasy on input line 44.

(/opt/local/share/texmf-dist/tex/latex/base/ulasy.fd
File: ulasy.fd 1998/08/17 v2.2e LaTeX symbol font definitions
)))
(/opt/local/share/texmf-dist/tex/latex/base/book.cls
Document Class: book 2004/02/16 v1.4f Standard LaTeX document class
(/opt/local/share/texmf-dist/tex/latex/base/bk11.clo
File: bk11.clo 2004/02/16 v1.4f Standard LaTeX file (size option)
)
\c@part=\count83
\c@chapter=\count84
\c@section=\count85
\c@subsection=\count86
\c@subsubsection=\count87
\c@paragraph=\count88
\c@subparagraph=\count89
\c@figure=\count90
\c@table=\count91
\abovecaptionskip=\skip41
\belowcaptionskip=\skip42
Compatibility mode: definition of \rm ignored.
Compatibility mode: definition of \sf ignored.
Compatibility mode: definition of \tt ignored.
Compatibility mode: definition of \bf ignored.
Compatibility mode: definition of \it ignored.
Compatibility mode: definition of \sl ignored.
Compatibility mode: definition of \sc ignored.
LaTeX Info: Redefining \cal on input line 592.
LaTeX Info: Redefining \mit on input line 593.
\bibindent=\dimen105
)
(/opt/local/share/texmf-dist/tex/latex/base/makeidx.sty
Package: makeidx 2000/03/29 v1.0m Standard LaTeX package
) (./html.sty)
(./parflow.sty) (./defs.tex) (./inputps.tex) (./version.tex)
\@indexfile=\write3
\openout3 = `manual.v3.idx'.


Writing index file manual.v3.idx
(./manual.v3.aux)
\openout1 = `manual.v3.aux'.

LaTeX Font Info:    Checking defaults for OML/cmm/m/it on input line 26.
LaTeX Font Info:    ... okay on input line 26.
LaTeX Font Info:    Checking defaults for T1/cmr/m/n on input line 26.
LaTeX Font Info:    ... okay on input line 26.
LaTeX Font Info:    Checking defaults for OT1/cmr/m/n on input line 26.
LaTeX Font Info:    ... okay on input line 26.
LaTeX Font Info:    Checking defaults for OMS/cmsy/m/n on input line 26.
LaTeX Font Info:    ... okay on input line 26.
LaTeX Font Info:    Checking defaults for OMX/cmex/m/n on input line 26.
LaTeX Font Info:    ... okay on input line 26.
LaTeX Font Info:    Checking defaults for U/cmr/m/n on input line 26.
LaTeX Font Info:    ... okay on input line 26.

Underfull \hbox (badness 10000) in paragraph at lines 34--35

 []

[0


]
LaTeX Font Info:    Try loading font information for OMS+cmr on input line 43.
 (/opt/local/share/texmf-dist/tex/latex/base/omscmr.fd
File: omscmr.fd 1999/05/25 v2.5h Standard LaTeX font definitions
)
LaTeX Font Info:    Font shape `OMS/cmr/m/n' in size <10.95> not available
(Font)              Font shape `OMS/cmsy/m/n' tried instead on input line 43.
 [0

] (./manual.v3.toc
LaTeX Font Info:    External font `cmex10' loaded for size
(Font)              <10.95> on input line 3.
LaTeX Font Info:    External font `cmex10' loaded for size
(Font)              <8> on input line 3.
LaTeX Font Info:    External font `cmex10' loaded for size
(Font)              <6> on input line 3.
[1

])
\tf@toc=\write4
\openout4 = `manual.v3.toc'.

 [2] (./intro.tex
Chapter 1.
) (./start.tex [1


] [2

]
Chapter 2.
[3] [4] [5]
Overfull \hbox (1.3643pt too wide) in paragraph at lines 234--234
 []\OT1/cmtt/m/n/10.95 pfset Wells.new_well.alltime.Extraction.Flux.water.Value
              5.0[] 
 []


Overfull \hbox (12.86168pt too wide) in paragraph at lines 234--234
 []\OT1/cmtt/m/n/10.95 pfset Wells.new_well.alltime.Injection.Concentration.wat
er.tce.Fraction 0.1[] 
 []

[6]) (./pfsystem.tex [7] [8

]
Chapter 3.

Overfull \hbox (6.01772pt too wide) in paragraph at lines 59--59
 []\OT1/cmtt/m/n/10.95 #-------------------------------------------------------
----------------------[] 
 []


Overfull \hbox (6.01772pt too wide) in paragraph at lines 59--59
 []\OT1/cmtt/m/n/10.95 #-------------------------------------------------------
----------------------[] 
 []

[9]
Overfull \hbox (11.7664pt too wide) in paragraph at lines 76--76
 []\OT1/cmtt/m/n/10.95 pfset Geom.domain.Patches "very_long_name_1 very_long_na
me_2 very_long_name_3 \[] 
 []


Overfull \hbox (6.01772pt too wide) in paragraph at lines 76--76
 []                           \OT1/cmtt/m/n/10.95 very_long_name_4 very_long_na
me_5 very_long_name_6"[] 
 []


Overfull \hbox (6.01772pt too wide) in paragraph at lines 121--121
 []\OT1/cmtt/m/n/10.95 #-------------------------------------------------------
----------------------[] 
 []


Overfull \hbox (6.01772pt too wide) in paragraph at lines 121--121
 []\OT1/cmtt/m/n/10.95 #-------------------------------------------------------
----------------------[] 
 []

[10]
Overfull \hbox (10.82657pt too wide) in paragraph at lines 147--151
\OT1/cmr/m/n/10.95 used in the vir-tual ma-chine (VM). To add a ma-chine to the
 VM you should set the []
 []

[11]
Overfull \hbox (0.53795pt too wide) in paragraph at lines 253--255
\OT1/cmr/m/n/10.95 Before run-ning AVS/Express you may need to set some en-vi-r
on-ment vari-ables. See the AVS/Express
 []

[12] [13] [14] [15] [16] [17] [18]) (./models.tex [19] [20]
Chapter 4.
[21

] [22] [23] [24]) (./files.tex [25] [26

]
Chapter 5.
[27] [28] [29] [30] [31] [32]
Underfull \vbox (badness 10000) has occurred while \output is active []

 [33]
[34] [35] [36] [37] [38] [39] [40] [41] [42] [43] [44] [45] [46] [47] [48]
[49] [50] [51] [52] [53]
Overfull \hbox (4.28844pt too wide) in paragraph at lines 1694--1695
[]\OT1/cmr/m/n/10.95 This key spec-i-fies the de-gree of the poly-no-mial for t
he Poly-no-mial sat-u-ra-tion given on \OT1/cmr/m/it/10.95 geom[]name\OT1/cmr/m
/n/10.95 .
 []


Underfull \hbox (badness 10000) in paragraph at lines 1694--1695

 []


Overfull \hbox (5.93887pt too wide) in paragraph at lines 1703--1704
[]\OT1/cmr/m/n/10.95 This key spec-i-fies the \OT1/cmr/m/it/10.95 co-eff[]numbe
r\OT1/cmr/m/n/10.95 th co-ef-fi-cient of the Poly-no-mial sat-u-ra-tion given o
n \OT1/cmr/m/it/10.95 geom[]name\OT1/cmr/m/n/10.95 .
 []


Underfull \hbox (badness 10000) in paragraph at lines 1703--1704

 []

[54] [55]
Overfull \hbox (55.68839pt too wide) in paragraph at lines 1869--1870
\OT1/cmr/m/n/10.95 data is given. This patch must be on the ref-er-ence solid s
pec-i-fied by the Patch.\OT1/cmr/m/it/10.95 patch[]name\OT1/cmr/m/n/10.95 .BCPr
essure.RefGeom
 []

[56] [57]
Overfull \hbox (27.45146pt too wide) in paragraph at lines 1995--1996
\OT1/cmr/m/n/10.95 this key in-clude \OT1/cmr/bx/n/10.95 X, XPlusY-PlusZ, X3Y2P
lusSinXYPlus1, X3Y4PlusX2PlusSinXYCosYPlus1,
 []

[58] [59] [60] [61] [62] [63] [64] [65] [66] [67] [68]
Overfull \hbox (64.8166pt too wide) in paragraph at lines 2693--2694
\OT1/cmr/m/sl/10.95 double  \OT1/cmr/bx/n/10.95 Wells.\OT1/cmr/m/it/10.95 well[
]name\OT1/cmr/bx/n/10.95 .\OT1/cmr/m/it/10.95 interval[]name\OT1/cmr/bx/n/10.95
 .Injection.Concentration.\OT1/cmr/m/it/10.95 phase[]name\OT1/cmr/bx/n/10.95 .\
OT1/cmr/m/it/10.95 contaminant[]name\OT1/cmr/bx/n/10.95 .Fraction
 []

[69] [70] [71] [72] [73]
Overfull \hbox (4.07025pt too wide) in paragraph at lines 3020--3021
[]\OT1/cmr/m/n/10.95 This key spec-i-fies which pre-con-di-tioner to use. Cur-r
ently, the three choices are \OT1/cmr/bx/n/10.95 NoPC, MGSemi
 []

[74] [75] [76] [77] [78] [79]
Underfull \vbox (badness 10000) has occurred while \output is active []

 [80]
Underfull \vbox (badness 10000) has occurred while \output is active []

 [81])
(./manual.v3.bbl [82])
No file manual.v3.ind.
[83

] (./manual.v3.aux) ) 
Here is how much of TeX's memory you used:
 850 strings out of 94501
 9825 string characters out of 1174996
 60505 words of memory out of 1000000
 4001 multiletter control sequences out of 10000+50000
 23415 words of font info for 87 fonts, out of 500000 for 2000
 580 hyphenation exceptions out of 1000
 25i,10n,22p,319b,322s stack positions out of 1500i,500n,5000p,200000b,5000s

Output written on manual.v3.dvi (87 pages, 241144 bytes).
