This is pdfeTeX, Version 3.141592-1.21a-2.2 (Web2C 7.5.4) (format=pdflatex 2009.2.13)  17 FEB 2009 19:48
entering extended mode
\write18 enabled.
**manual.tex
(./manual.tex
LaTeX2e <2003/12/01>
Babel <v3.8d> and hyphenation patterns for american, french, german, ngerman, b
ahasa, basque, bulgarian, catalan, croatian, czech, danish, dutch, esperanto, e
stonian, finnish, greek, icelandic, irish, italian, latin, magyar, norsk, polis
h, portuges, romanian, russian, serbian, slovak, slovene, spanish, swedish, tur
kish, ukrainian, nohyphenation, loaded.
(/opt/local/share/texmf-dist/tex/latex/base/latex209.def
File: latex209.def 1998/05/13 v0.52 Standard LaTeX file


          Entering LaTeX 2.09 COMPATIBILITY MODE
 *************************************************************
    !!WARNING!!    !!WARNING!!    !!WARNING!!    !!WARNING!!   
 
 This mode attempts to provide an emulation of the LaTeX 2.09
 author environment so that OLD documents can be successfully
 processed. It should NOT be used for NEW documents!
 
 New documents should use Standard LaTeX conventions and start
 with the \documentclass command.
 
 Compatibility mode is UNLIKELY TO WORK with LaTeX 2.09 style
 files that change any internal macros, especially not with
 those that change the FONT SELECTION or OUTPUT ROUTINES.
 
 Therefore such style files MUST BE UPDATED to use
          Current Standard LaTeX: LaTeX2e.
 If you suspect that you may be using such a style file, which
 is probably very, very old by now, then you should attempt to
 get it updated by sending a copy of this error message to the
 author of that file.
 *************************************************************

\footheight=\dimen102
\@maxsep=\dimen103
\@dblmaxsep=\dimen104
\@cla=\count79
\@clb=\count80
\mscount=\count81
(/opt/local/share/texmf-dist/tex/latex/base/tracefnt.sty
Package: tracefnt 1997/05/29 v3.0j Standard LaTeX package (font tracing)
\tracingfonts=\count82
LaTeX Info: Redefining \selectfont on input line 101.
)
\symbold=\mathgroup4
\symsans=\mathgroup5
\symtypewriter=\mathgroup6
\symitalic=\mathgroup7
\symsmallcaps=\mathgroup8
\symslanted=\mathgroup9
LaTeX Font Info:    Redeclaring math alphabet \mathbf on input line 293.
LaTeX Font Info:    Redeclaring math alphabet \mathsf on input line 294.
LaTeX Font Info:    Redeclaring math alphabet \mathtt on input line 295.
LaTeX Font Info:    Redeclaring math alphabet \mathit on input line 301.
LaTeX Info: Redefining \em on input line 311.

(/opt/local/share/texmf-dist/tex/latex/base/latexsym.sty
Package: latexsym 1998/08/17 v2.2e Standard LaTeX package (lasy symbols)
\symlasy=\mathgroup10
LaTeX Font Info:    Overwriting symbol font `lasy' in version `bold'
(Font)                  U/lasy/m/n --> U/lasy/b/n on input line 47.
)
LaTeX Font Info:    Redeclaring math delimiter \lgroup on input line 375.
LaTeX Font Info:    Redeclaring math delimiter \rgroup on input line 377.
LaTeX Font Info:    Redeclaring math delimiter \bracevert on input line 379.

(/opt/local/share/texmf-dist/tex/latex/base/latex209.cfg
File: latex209.cfg 2001/06/05 v1.0 teTeX customized LaTeX 2.09 compatibility mo
de setup
)
(/opt/local/share/texmf-dist/tex/latex/tools/rawfonts.sty
Package: rawfonts 1994/05/08 Low-level LaTeX 2.09 font compatibility

(/opt/local/share/texmf-dist/tex/latex/tools/somedefs.sty
Package: somedefs 1994/06/01 v0.03 Toolkit for optional definitions
)
LaTeX Font Info:    Try loading font information for U+lasy on input line 44.

(/opt/local/share/texmf-dist/tex/latex/base/ulasy.fd
File: ulasy.fd 1998/08/17 v2.2e LaTeX symbol font definitions
)))
(/opt/local/share/texmf-dist/tex/latex/base/book.cls
Document Class: book 2004/02/16 v1.4f Standard LaTeX document class
(/opt/local/share/texmf-dist/tex/latex/base/bk11.clo
File: bk11.clo 2004/02/16 v1.4f Standard LaTeX file (size option)
)
\c@part=\count83
\c@chapter=\count84
\c@section=\count85
\c@subsection=\count86
\c@subsubsection=\count87
\c@paragraph=\count88
\c@subparagraph=\count89
\c@figure=\count90
\c@table=\count91
\abovecaptionskip=\skip41
\belowcaptionskip=\skip42
Compatibility mode: definition of \rm ignored.
Compatibility mode: definition of \sf ignored.
Compatibility mode: definition of \tt ignored.
Compatibility mode: definition of \bf ignored.
Compatibility mode: definition of \it ignored.
Compatibility mode: definition of \sl ignored.
Compatibility mode: definition of \sc ignored.
LaTeX Info: Redefining \cal on input line 592.
LaTeX Info: Redefining \mit on input line 593.
\bibindent=\dimen105
)
(/opt/local/share/texmf-dist/tex/latex/base/makeidx.sty
Package: makeidx 2000/03/29 v1.0m Standard LaTeX package
) (./html.sty)
(./parflow.sty) (./defs.tex) (./inputps.tex) (./version.tex)
\@indexfile=\write3
\openout3 = `manual.idx'.


Writing index file manual.idx
(./manual.aux)
\openout1 = `manual.aux'.

LaTeX Font Info:    Checking defaults for OML/cmm/m/it on input line 26.
LaTeX Font Info:    ... okay on input line 26.
LaTeX Font Info:    Checking defaults for T1/cmr/m/n on input line 26.
LaTeX Font Info:    ... okay on input line 26.
LaTeX Font Info:    Checking defaults for OT1/cmr/m/n on input line 26.
LaTeX Font Info:    ... okay on input line 26.
LaTeX Font Info:    Checking defaults for OMS/cmsy/m/n on input line 26.
LaTeX Font Info:    ... okay on input line 26.
LaTeX Font Info:    Checking defaults for OMX/cmex/m/n on input line 26.
LaTeX Font Info:    ... okay on input line 26.
LaTeX Font Info:    Checking defaults for U/cmr/m/n on input line 26.
LaTeX Font Info:    ... okay on input line 26.
LaTeX Font Info:    External font `cmex10' loaded for size
(Font)              <12> on input line 42.
LaTeX Font Info:    External font `cmex10' loaded for size
(Font)              <8> on input line 42.
LaTeX Font Info:    External font `cmex10' loaded for size
(Font)              <6> on input line 42.
LaTeX Font Info:    External font `cmex10' loaded for size
(Font)              <9> on input line 42.
LaTeX Font Info:    External font `cmex10' loaded for size
(Font)              <5> on input line 42.

Underfull \hbox (badness 10000) in paragraph at lines 42--43

 []

[0


{/opt/local/share/texmf-var/fonts/map/pdftex/updmap/pdftex.map}]
LaTeX Font Info:    Try loading font information for OMS+cmr on input line 52.

(/opt/local/share/texmf-dist/tex/latex/base/omscmr.fd
File: omscmr.fd 1999/05/25 v2.5h Standard LaTeX font definitions
)
LaTeX Font Info:    Font shape `OMS/cmr/m/n' in size <10.95> not available
(Font)              Font shape `OMS/cmsy/m/n' tried instead on input line 52.
 [0

] (./manual.toc
LaTeX Font Info:    External font `cmex10' loaded for size
(Font)              <10.95> on input line 3.

[1

])
\tf@toc=\write4
\openout4 = `manual.toc'.

 [2] (./intro.tex
Chapter 1.
[1


]) (./start.tex [2]
Chapter 2.
[3

] [4] [5]
Overfull \hbox (6.92311pt too wide) in paragraph at lines 174--175
\OT1/cmr/m/n/10.95 use the [] op-tion. To use com-piler op-ti-miza-tions use th
e []
 []

[6]
Overfull \hbox (1.3643pt too wide) in paragraph at lines 264--264
 []\OT1/cmtt/m/n/10.95 pfset Wells.new_well.alltime.Extraction.Flux.water.Value
              5.0[] 
 []


Overfull \hbox (12.86168pt too wide) in paragraph at lines 264--264
 []\OT1/cmtt/m/n/10.95 pfset Wells.new_well.alltime.Injection.Concentration.wat
er.tce.Fraction 0.1[] 
 []

[7]
Missing character: There is no Õ in font cmr10!
Missing character: There is no Õ in font cmr10!
 [8]) (./pfsystem.tex [9] [10

]
Chapter 3.

Overfull \hbox (6.01772pt too wide) in paragraph at lines 54--54
 []\OT1/cmtt/m/n/10.95 #-------------------------------------------------------
----------------------[] 
 []


Overfull \hbox (6.01772pt too wide) in paragraph at lines 54--54
 []\OT1/cmtt/m/n/10.95 #-------------------------------------------------------
----------------------[] 
 []

[11]
Overfull \hbox (11.7664pt too wide) in paragraph at lines 71--71
 []\OT1/cmtt/m/n/10.95 pfset Geom.domain.Patches "very_long_name_1 very_long_na
me_2 very_long_name_3 \[] 
 []


Overfull \hbox (6.01772pt too wide) in paragraph at lines 71--71
 []                           \OT1/cmtt/m/n/10.95 very_long_name_4 very_long_na
me_5 very_long_name_6"[] 
 []


Overfull \hbox (6.01772pt too wide) in paragraph at lines 116--116
 []\OT1/cmtt/m/n/10.95 #-------------------------------------------------------
----------------------[] 
 []


Overfull \hbox (6.01772pt too wide) in paragraph at lines 116--116
 []\OT1/cmtt/m/n/10.95 #-------------------------------------------------------
----------------------[] 
 []

[12]
Overfull \hbox (39.04254pt too wide) in paragraph at lines 142--148
\OT1/cmr/m/n/10.95 MFLOP rates. For Richards' equa-tion prob-lems (in-clud-ing 
over-land flow) the []
 []


Overfull \hbox (37.46263pt too wide) in paragraph at lines 142--148
\OT1/cmr/m/n/10.95 file con-tains the non-lin-ear con-ver-gence in-for-ma-tion 
for each timestep. Ad-di-tion-ally, the []
 []

[13] [14] [15] [16] [17] [18] [19]
Missing character: There is no Õ in font cmr10!
 [20]
Missing character: There is no Ò in font cmr10!
Missing character: There is no Ó in font cmr10!
Missing character: There is no Ò in font cmr10!
Missing character: There is no Ó in font cmr10!
Missing character: There is no Ò in font cmr10!
Missing character: There is no Ó in font cmr10!
 [21] [22]
Missing character: There is no Ò in font cmr10!
Missing character: There is no Ó in font cmr10!
Missing character: There is no Ð in font cmr10!
Missing character: There is no Ò in font cmr10!
Missing character: There is no Ó in font cmr10!
Missing character: There is no Ò in font cmr10!
Missing character: There is no Ó in font cmr10!
 [23] [24]
Missing character: There is no Õ in font cmr10!
Missing character: There is no Ò in font cmr10!
Missing character: There is no Ó in font cmr10!
 [25] [26]
Missing character: There is no Ò in font cmr10!
Missing character: There is no Ó in font cmr10!
 [27]
Missing character: There is no Ò in font cmr10!
Missing character: There is no Ó in font cmr10!
Missing character: There is no Ò in font cmr10!
Missing character: There is no Ó in font cmr10!
Missing character: There is no Õ in font cmr10!

[28]
Missing character: There is no Õ in font cmr10!
Missing character: There is no Õ in font cmr10!
Missing character: There is no Õ in font cmr10!
Missing character: There is no Ò in font cmr10!
Missing character: There is no Ó in font cmr10!
Missing character: There is no Ò in font cmr10!
Missing character: There is no Ó in font cmr10!
 [29] [30]
Missing character: There is no Õ in font cmr10!
Missing character: There is no Õ in font cmr10!
 [31]
Missing character: There is no Õ in font cmr10!
Missing character: There is no Ò in font cmr10!
Missing character: There is no Ó in font cmr10!
 [32]
Missing character: There is no Ò in font cmr10!
Missing character: There is no Ó in font cmr10!
Missing character: There is no Õ in font cmr10!
Missing character: There is no Õ in font cmr10!
Missing character: There is no Ò in font cmr10!
Missing character: There is no Ó in font cmr10!

Overfull \hbox (57.82077pt too wide) in paragraph at lines 1155--1156
\OT1/cmr/m/n/10.95 am-ple, if we used chunk to cre-ate vi-sual rep-re-sen-ta-ti
ons of your re-sults, the file []
 []

[33]) (./models.tex [34]
Chapter 4.
[35

] [36] [37] [38] [39]
Missing character: There is no Õ in font cmr10!
Missing character: There is no Õ in font cmr10!
) (./files.tex [40]
Chapter 5.
[41

] [42] [43] [44] [45] [46]
Underfull \vbox (badness 10000) has occurred while \output is active []

 [47]
[48] [49] [50] [51] [52] [53] [54] [55] [56] [57] [58] [59] [60] [61] [62]
[63] [64] [65] [66] [67] [68] [69] [70]
Overfull \hbox (4.28844pt too wide) in paragraph at lines 1870--1871
[]\OT1/cmr/m/n/10.95 This key spec-i-fies the de-gree of the poly-no-mial for t
he Poly-no-mial sat-u-ra-tion given on \OT1/cmr/m/it/10.95 geom[]name\OT1/cmr/m
/n/10.95 .
 []


Underfull \hbox (badness 10000) in paragraph at lines 1870--1871

 []


Overfull \hbox (5.93887pt too wide) in paragraph at lines 1879--1880
[]\OT1/cmr/m/n/10.95 This key spec-i-fies the \OT1/cmr/m/it/10.95 co-eff[]numbe
r\OT1/cmr/m/n/10.95 th co-ef-fi-cient of the Poly-no-mial sat-u-ra-tion given o
n \OT1/cmr/m/it/10.95 geom[]name\OT1/cmr/m/n/10.95 .
 []


Underfull \hbox (badness 10000) in paragraph at lines 1879--1880

 []

[71] [72]
Overfull \hbox (55.68839pt too wide) in paragraph at lines 2046--2047
\OT1/cmr/m/n/10.95 data is given. This patch must be on the ref-er-ence solid s
pec-i-fied by the Patch.\OT1/cmr/m/it/10.95 patch[]name\OT1/cmr/m/n/10.95 .BCPr
essure.RefGeom
 []

[73] [74]
Overfull \hbox (27.45146pt too wide) in paragraph at lines 2174--2175
\OT1/cmr/m/n/10.95 this key in-clude \OT1/cmr/bx/n/10.95 X, XPlusY-PlusZ, X3Y2P
lusSinXYPlus1, X3Y4PlusX2PlusSinXYCosYPlus1,
 []

[75] [76] [77] [78] [79] [80] [81] [82] [83] [84] [85]
Overfull \hbox (64.8166pt too wide) in paragraph at lines 2872--2873
\OT1/cmr/m/sl/10.95 double  \OT1/cmr/bx/n/10.95 Wells.\OT1/cmr/m/it/10.95 well[
]name\OT1/cmr/bx/n/10.95 .\OT1/cmr/m/it/10.95 interval[]name\OT1/cmr/bx/n/10.95
 .Injection.Concentration.\OT1/cmr/m/it/10.95 phase[]name\OT1/cmr/bx/n/10.95 .\
OT1/cmr/m/it/10.95 contaminant[]name\OT1/cmr/bx/n/10.95 .Fraction
 []

[86] [87] [88] [89] [90] [91]
Overfull \hbox (4.07025pt too wide) in paragraph at lines 3199--3200
[]\OT1/cmr/m/n/10.95 This key spec-i-fies which pre-con-di-tioner to use. Cur-r
ently, the three choices are \OT1/cmr/bx/n/10.95 NoPC, MGSemi
 []

[92] [93] [94] [95] [96] [97]
Underfull \vbox (badness 10000) has occurred while \output is active []

 [98]
Underfull \vbox (badness 10000) has occurred while \output is active []

 [99])
(./fdl.tex [100]
Chapter 6.
[101

] [102] [103] [104] [105] [106] [107]) (./manual.bbl.tex [108] [109

]
[110])
No file manual.ind.
[111] (./manual.aux) ) 
Here is how much of TeX's memory you used:
 895 strings out of 94500
 10276 string characters out of 1174973
 60684 words of memory out of 1000000
 4038 multiletter control sequences out of 10000+50000
 26454 words of font info for 97 fonts, out of 500000 for 2000
 580 hyphenation exceptions out of 1000
 25i,10n,22p,1850b,326s stack positions out of 1500i,500n,5000p,200000b,5000s
PDF statistics:
 422 PDF objects out of 300000
 0 named destinations out of 131072
 1 words of extra memory for PDF output out of 65536
</opt/local/share/texmf-dist/fonts/type1/bluesky/cm/cmr12
.pfb></opt/local/share/texmf-dist/fonts/type1/bluesky/cm/cmsy6.pfb></opt/local/
share/texmf-dist/fonts/type1/bluesky/cm/cmmi6.pfb></opt/local/share/texmf-dist/
fonts/type1/bluesky/cm/cmsy8.pfb></opt/local/share/texmf-dist/fonts/type1/blues
ky/cm/cmex10.pfb></opt/local/share/texmf-dist/fonts/type1/bluesky/cm/cmmi8.pfb>
</opt/local/share/texmf-dist/fonts/type1/bluesky/cm/cmmi10.pfb></opt/local/shar
e/texmf-dist/fonts/type1/bluesky/cm/cmti10.pfb></opt/local/share/texmf-dist/fon
ts/type1/bluesky/cm/cmsl10.pfb></opt/local/share/texmf-dist/fonts/type1/bluesky
/cm/cmbx10.pfb></opt/local/share/texmf-dist/fonts/type1/bluesky/cm/cmtt10.pfb><
/opt/local/share/texmf-dist/fonts/type1/bluesky/cm/cmsy10.pfb></opt/local/share
/texmf-dist/fonts/type1/bluesky/cm/cmss12.pfb></opt/local/share/texmf-dist/font
s/type1/bluesky/cm/cmti12.pfb></opt/local/share/texmf-dist/fonts/type1/bluesky/
cm/cmr6.pfb></opt/local/share/texmf-dist/fonts/type1/bluesky/cm/cmr8.pfb></opt/
local/share/texmf-dist/fonts/type1/bluesky/cm/cmr10.pfb></opt/local/share/texmf
-dist/fonts/type1/bluesky/cm/cmbx12.pfb></opt/local/share/texmf-dist/fonts/type
1/bluesky/cm/cmcsc10.pfb>
Output written on manual.pdf (115 pages, 455288 bytes).
